[debug] [2025-04-05T10:29:56.189Z] ----------------------------------------------------------------------
[debug] [2025-04-05T10:29:56.193Z] Command:       /usr/local/bin/node /usr/local/bin/firebase init hosting:github
[debug] [2025-04-05T10:29:56.193Z] CLI Version:   13.31.2
[debug] [2025-04-05T10:29:56.194Z] Platform:      darwin
[debug] [2025-04-05T10:29:56.194Z] Node Version:  v22.14.0
[debug] [2025-04-05T10:29:56.194Z] Time:          Sat Apr 05 2025 06:29:56 GMT-0400 (Eastern Daylight Time)
[debug] [2025-04-05T10:29:56.194Z] ----------------------------------------------------------------------
[debug] 
[debug] [2025-04-05T10:29:56.261Z] > command requires scopes: ["email","openid","https://www.googleapis.com/auth/cloudplatformprojects.readonly","https://www.googleapis.com/auth/firebase","https://www.googleapis.com/auth/cloud-platform"]
[debug] [2025-04-05T10:29:56.261Z] > authorizing via signed-in user (tracy.n.mutoni@gmail.com)
[info] 
     ######## #### ########  ######## ########     ###     ######  ########
     ##        ##  ##     ## ##       ##     ##  ##   ##  ##       ##
     ######    ##  ########  ######   ########  #########  ######  ######
     ##        ##  ##    ##  ##       ##     ## ##     ##       ## ##
     ##       #### ##     ## ######## ########  ##     ##  ######  ########

You're about to initialize a Firebase project in this directory:

  /Users/tracymutoni/DiCorner-Dashboard

Before we get started, keep in mind:

  * You are initializing within an existing Firebase project directory

[info] 
=== Project Setup
[info] 
[info] First, let's associate this project directory with a Firebase project.
[info] You can create multiple project aliases by running firebase use --add, 
[info] but for now we'll just set up a default project.
[info] 
[debug] [2025-04-05T10:29:56.263Z] Using project from CLI flag: dicorner-dash
[debug] [2025-04-05T10:29:56.263Z] Checked if tokens are valid: true, expires at: 1743852445064
[debug] [2025-04-05T10:29:56.263Z] Checked if tokens are valid: true, expires at: 1743852445064
[debug] [2025-04-05T10:29:56.263Z] >>> [apiv2][query] GET https://firebase.googleapis.com/v1beta1/projects/dicorner-dash [none]
[debug] [2025-04-05T10:29:56.703Z] <<< [apiv2][status] GET https://firebase.googleapis.com/v1beta1/projects/dicorner-dash 200
[debug] [2025-04-05T10:29:56.703Z] <<< [apiv2][body] GET https://firebase.googleapis.com/v1beta1/projects/dicorner-dash {"projectId":"dicorner-dash","projectNumber":"611866900293","displayName":"DiCorner-Dashboard","name":"projects/dicorner-dash","resources":{"hostingSite":"dicorner-dash","realtimeDatabaseInstance":"dicorner-dash-default-rtdb"},"state":"ACTIVE","etag":"1_81bdcf0e-fee4-418d-9f25-7e083195f1af"}
[info] i  Using project dicorner-dash (DiCorner-Dashboard) 
[info] 
=== Hosting:github Setup
[info] 
[info] i  Detected a .git folder at /Users/tracymutoni/DiCorner-Dashboard 
[info] i  Authorizing with GitHub to upload your service account to a GitHub repository's secrets store. 
[info] 
[info] Visit this URL on this device to log in:
[info] https://github.com/login/oauth/authorize?client_id=89cf50f02ac6aaed3484&state=471782387&redirect_uri=http%3A%2F%2Flocalhost%3A9005&scope=read%3Auser%20repo%20public_repo
[info] 
[info] Waiting for authentication...
[debug] [2025-04-05T10:29:57.156Z] >>> [apiv2][query] POST https://github.com/login/oauth/access_token [none]
[debug] [2025-04-05T10:29:57.157Z] >>> [apiv2][body] POST https://github.com/login/oauth/access_token [stream]
[debug] [2025-04-05T10:29:57.398Z] <<< [apiv2][status] POST https://github.com/login/oauth/access_token 200
[debug] [2025-04-05T10:29:57.398Z] <<< [apiv2][body] POST https://github.com/login/oauth/access_token {"access_token":"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","token_type":"bearer","scope":"read:user,repo"}
[debug] [2025-04-05T10:29:57.403Z] >>> [apiv2][query] GET https://api.github.com/user [none]
[debug] [2025-04-05T10:29:57.712Z] <<< [apiv2][status] GET https://api.github.com/user 200
[debug] [2025-04-05T10:29:57.712Z] <<< [apiv2][body] GET https://api.github.com/user {"login":"tmutoni","id":75334428,"node_id":"MDQ6VXNlcjc1MzM0NDI4","avatar_url":"https://avatars.githubusercontent.com/u/75334428?v=4","gravatar_id":"","url":"https://api.github.com/users/tmutoni","html_url":"https://github.com/tmutoni","followers_url":"https://api.github.com/users/tmutoni/followers","following_url":"https://api.github.com/users/tmutoni/following{/other_user}","gists_url":"https://api.github.com/users/tmutoni/gists{/gist_id}","starred_url":"https://api.github.com/users/tmutoni/starred{/owner}{/repo}","subscriptions_url":"https://api.github.com/users/tmutoni/subscriptions","organizations_url":"https://api.github.com/users/tmutoni/orgs","repos_url":"https://api.github.com/users/tmutoni/repos","events_url":"https://api.github.com/users/tmutoni/events{/privacy}","received_events_url":"https://api.github.com/users/tmutoni/received_events","type":"User","user_view_type":"private","site_admin":false,"name":null,"company":null,"blog":"","location":null,"email":null,"hireable":null,"bio":null,"twitter_username":null,"notification_email":null,"public_repos":3,"public_gists":1,"followers":0,"following":1,"created_at":"2020-12-01T19:17:29Z","updated_at":"2025-03-31T22:06:43Z","private_gists":0,"total_private_repos":1,"owned_private_repos":1,"disk_usage":658,"collaborators":0,"two_factor_authentication":false,"plan":{"name":"free","space":976562499,"collaborators":0,"private_repos":10000}}
[info] 
[info] ✔  Success! Logged into GitHub as tmutoni 
[info] 
[debug] [2025-04-05T10:31:00.813Z] >>> [apiv2][query] GET https://api.github.com/repos/DiCorner-Dashboard/actions/secrets/public-key type=owner
[debug] [2025-04-05T10:31:01.055Z] <<< [apiv2][status] GET https://api.github.com/repos/DiCorner-Dashboard/actions/secrets/public-key 404
[debug] [2025-04-05T10:31:01.056Z] <<< [apiv2][body] GET https://api.github.com/repos/DiCorner-Dashboard/actions/secrets/public-key {"message":"Not Found","documentation_url":"https://docs.github.com/rest","status":"404"}
[info] 
[info] 
[error] ⚠  The provided authorization cannot be used with this repository. If this repository is in an organization, did you remember to grant access? 
[info] 
[info] i  Action required: Visit this URL to ensure access has been granted to the appropriate organization(s) for the Firebase CLI GitHub OAuth App: 
[info] https://github.com/settings/connections/applications/89cf50f02ac6aaed3484
[info] 
[debug] [2025-04-05T10:36:16.846Z] >>> [apiv2][query] GET https://api.github.com/repos/DiCorner-Dastmutonitm'/Users/tracymutoni/DiCorner-Dashboard/tsconfig.json'hboard/actions/secrets/public-key type=owner
[debug] [2025-04-05T10:36:17.149Z] <<< [apiv2][status] GET https://api.github.com/repos/DiCorner-Dastmutonitm'/Users/tracymutoni/DiCorner-Dashboard/tsconfig.json'hboard/actions/secrets/public-key 404
[debug] [2025-04-05T10:36:17.150Z] <<< [apiv2][body] GET https://api.github.com/repos/DiCorner-Dastmutonitm'/Users/tracymutoni/DiCorner-Dashboard/tsconfig.json'hboard/actions/secrets/public-key {"message":"Not Found","documentation_url":"https://docs.github.com/rest","status":"404"}
[info] 
[info] 
[error] ⚠  The provided authorization cannot be used with this repository. If this repository is in an organization, did you remember to grant access? 
[info] 
[info] i  Action required: Visit this URL to ensure access has been granted to the appropriate organization(s) for the Firebase CLI GitHub OAuth App: 
[info] https://github.com/settings/connections/applications/89cf50f02ac6aaed3484
[info] 
[debug] [2025-04-05T10:36:40.097Z] >>> [apiv2][query] GET https://api.github.com/repos/DiCorner-Dastmutonitm'/Users/tracymutoni/DiCorner-Dashboard/tsconfig.json'hboard/actions/secrets/public-key type=owner
[debug] [2025-04-05T10:36:40.492Z] <<< [apiv2][status] GET https://api.github.com/repos/DiCorner-Dastmutonitm'/Users/tracymutoni/DiCorner-Dashboard/tsconfig.json'hboard/actions/secrets/public-key 404
[debug] [2025-04-05T10:36:40.492Z] <<< [apiv2][body] GET https://api.github.com/repos/DiCorner-Dastmutonitm'/Users/tracymutoni/DiCorner-Dashboard/tsconfig.json'hboard/actions/secrets/public-key {"message":"Not Found","documentation_url":"https://docs.github.com/rest","status":"404"}
[info] 
[info] 
[error] ⚠  The provided authorization cannot be used with this repository. If this repository is in an organization, did you remember to grant access? 
[info] 
[info] i  Action required: Visit this URL to ensure access has been granted to the appropriate organization(s) for the Firebase CLI GitHub OAuth App: 
[info] https://github.com/settings/connections/applications/89cf50f02ac6aaed3484
[info] 
[debug] [2025-04-05T10:37:00.649Z] >>> [apiv2][query] GET https://api.github.com/repos/DiCorner-Dastmutonitm'/Users/tracymutoni/DiCorner-Dashboard/tsconfig.json'hboard/actions/secrets/public-key type=owner
[debug] [2025-04-05T10:37:00.997Z] <<< [apiv2][status] GET https://api.github.com/repos/DiCorner-Dastmutonitm'/Users/tracymutoni/DiCorner-Dashboard/tsconfig.json'hboard/actions/secrets/public-key 404
[debug] [2025-04-05T10:37:00.997Z] <<< [apiv2][body] GET https://api.github.com/repos/DiCorner-Dastmutonitm'/Users/tracymutoni/DiCorner-Dashboard/tsconfig.json'hboard/actions/secrets/public-key {"message":"Not Found","documentation_url":"https://docs.github.com/rest","status":"404"}
[info] 
[info] 
[error] ⚠  The provided authorization cannot be used with this repository. If this repository is in an organization, did you remember to grant access? 
[info] 
[info] i  Action required: Visit this URL to ensure access has been granted to the appropriate organization(s) for the Firebase CLI GitHub OAuth App: 
[info] https://github.com/settings/connections/applications/89cf50f02ac6aaed3484
[info] 
